Build started 28-03-2016 11:55:57.
     1>Project "C:\Users\Omkar\Documents\Visual Studio 2010\Projects\practice.gfg\number_from_patter\number_from_patter\number_from_patter.vcxproj" on node 2 (build target(s)).
     1>InitializeBuildStatus:
         Creating "Debug\number_from_patter.unsuccessfulbuild" because "AlwaysCreate" was specified.
       ClCompile:
         C:\Program Files (x86)\Microsoft Visual Studio 10.0\VC\bin\CL.exe /c /ZI /nologo /W3 /WX- /Od /Oy- /D WIN32 /D _DEBUG /D _CONSOLE /D _UNICODE /D UNICODE /Gm /EHsc /RTC1 /MDd /GS /fp:precise /Zc:wchar_t /Zc:forScope /Fo"Debug\\" /Fd"Debug\vc100.pdb" /Gd /TP /analyze- /errorReport:prompt number_from_patter.cpp
         number_from_patter.cpp
     1>c:\users\omkar\documents\visual studio 2010\projects\practice.gfg\number_from_patter\number_from_patter\number_from_patter.cpp(31): warning C4018: '<' : signed/unsigned mismatch
     1>c:\users\omkar\documents\visual studio 2010\projects\practice.gfg\number_from_patter\number_from_patter\number_from_patter.cpp(43): warning C4018: '<' : signed/unsigned mismatch
     1>c:\users\omkar\documents\visual studio 2010\projects\practice.gfg\number_from_patter\number_from_patter\number_from_patter.cpp(52): warning C4018: '<' : signed/unsigned mismatch
     1>c:\users\omkar\documents\visual studio 2010\projects\practice.gfg\number_from_patter\number_from_patter\number_from_patter.cpp(57): warning C4018: '<' : signed/unsigned mismatch
     1>c:\users\omkar\documents\visual studio 2010\projects\practice.gfg\number_from_patter\number_from_patter\number_from_patter.cpp(92): warning C4996: 'scanf': This function or variable may be unsafe. Consider using scanf_s instead. To disable deprecation, use _CRT_SECURE_NO_WARNINGS. See online help for details.
                 c:\program files (x86)\microsoft visual studio 10.0\vc\include\stdio.h(304) : see declaration of 'scanf'
       ManifestResourceCompile:
         All outputs are up-to-date.
       Link:
         C:\Program Files (x86)\Microsoft Visual Studio 10.0\VC\bin\link.exe /ERRORREPORT:PROMPT /OUT:"C:\Users\Omkar\Documents\Visual Studio 2010\Projects\practice.gfg\number_from_patter\Debug\number_from_patter.exe" /INCREMENTAL /NOLOGO kernel32.lib user32.lib gdi32.lib winspool.lib comdlg32.lib advapi32.lib shell32.lib ole32.lib oleaut32.lib uuid.lib odbc32.lib odbccp32.lib /MANIFEST /ManifestFile:"Debug\number_from_patter.exe.intermediate.manifest" /MANIFESTUAC:"level='asInvoker' uiAccess='false'" /DEBUG /PDB:"C:\Users\Omkar\Documents\Visual Studio 2010\Projects\practice.gfg\number_from_patter\Debug\number_from_patter.pdb" /SUBSYSTEM:CONSOLE /TLBID:1 /DYNAMICBASE /NXCOMPAT /IMPLIB:"C:\Users\Omkar\Documents\Visual Studio 2010\Projects\practice.gfg\number_from_patter\Debug\number_from_patter.lib" /MACHINE:X86 Debug\number_from_patter.exe.embed.manifest.res
         Debug\number_from_patter.obj
         Debug\stdafx.obj
       Manifest:
         C:\Program Files (x86)\Microsoft SDKs\Windows\v7.0A\bin\mt.exe /nologo /verbose /out:"Debug\number_from_patter.exe.embed.manifest" /manifest Debug\number_from_patter.exe.intermediate.manifest
         All outputs are up-to-date.
       LinkEmbedManifest:
         All outputs are up-to-date.
         number_from_patter.vcxproj -> C:\Users\Omkar\Documents\Visual Studio 2010\Projects\practice.gfg\number_from_patter\Debug\number_from_patter.exe
       FinalizeBuildStatus:
         Deleting file "Debug\number_from_patter.unsuccessfulbuild".
         Touching "Debug\number_from_patter.lastbuildstate".
     1>Done Building Project "C:\Users\Omkar\Documents\Visual Studio 2010\Projects\practice.gfg\number_from_patter\number_from_patter\number_from_patter.vcxproj" (build target(s)).

Build succeeded.

Time Elapsed 00:00:01.92
