Build started 26-03-2016 21:42:25.
     1>Project "C:\Users\Omkar\Documents\Visual Studio 2010\Projects\practice.gfg\string_from_substr\string_from_substr\string_from_substr.vcxproj" on node 2 (build target(s)).
     1>InitializeBuildStatus:
         Creating "Debug\string_from_substr.unsuccessfulbuild" because "AlwaysCreate" was specified.
       ClCompile:
         C:\Program Files (x86)\Microsoft Visual Studio 10.0\VC\bin\CL.exe /c /ZI /nologo /W3 /WX- /Od /Oy- /D WIN32 /D _DEBUG /D _CONSOLE /D _UNICODE /D UNICODE /Gm /EHsc /RTC1 /MDd /GS /fp:precise /Zc:wchar_t /Zc:forScope /Fo"Debug\\" /Fd"Debug\vc100.pdb" /Gd /TP /analyze- /errorReport:prompt string_from_substr.cpp
         string_from_substr.cpp
     1>c:\users\omkar\documents\visual studio 2010\projects\practice.gfg\string_from_substr\string_from_substr\string_from_substr.cpp(45): warning C4018: '<' : signed/unsigned mismatch
       ManifestResourceCompile:
         All outputs are up-to-date.
       Link:
         C:\Program Files (x86)\Microsoft Visual Studio 10.0\VC\bin\link.exe /ERRORREPORT:PROMPT /OUT:"C:\Users\Omkar\Documents\Visual Studio 2010\Projects\practice.gfg\string_from_substr\Debug\string_from_substr.exe" /INCREMENTAL /NOLOGO kernel32.lib user32.lib gdi32.lib winspool.lib comdlg32.lib advapi32.lib shell32.lib ole32.lib oleaut32.lib uuid.lib odbc32.lib odbccp32.lib /MANIFEST /ManifestFile:"Debug\string_from_substr.exe.intermediate.manifest" /MANIFESTUAC:"level='asInvoker' uiAccess='false'" /DEBUG /PDB:"C:\Users\Omkar\Documents\Visual Studio 2010\Projects\practice.gfg\string_from_substr\Debug\string_from_substr.pdb" /SUBSYSTEM:CONSOLE /TLBID:1 /DYNAMICBASE /NXCOMPAT /IMPLIB:"C:\Users\Omkar\Documents\Visual Studio 2010\Projects\practice.gfg\string_from_substr\Debug\string_from_substr.lib" /MACHINE:X86 Debug\string_from_substr.exe.embed.manifest.res
         Debug\stdafx.obj
         Debug\string_from_substr.obj
       Manifest:
         C:\Program Files (x86)\Microsoft SDKs\Windows\v7.0A\bin\mt.exe /nologo /verbose /out:"Debug\string_from_substr.exe.embed.manifest" /manifest Debug\string_from_substr.exe.intermediate.manifest
         All outputs are up-to-date.
       LinkEmbedManifest:
         All outputs are up-to-date.
         string_from_substr.vcxproj -> C:\Users\Omkar\Documents\Visual Studio 2010\Projects\practice.gfg\string_from_substr\Debug\string_from_substr.exe
       FinalizeBuildStatus:
         Deleting file "Debug\string_from_substr.unsuccessfulbuild".
         Touching "Debug\string_from_substr.lastbuildstate".
     1>Done Building Project "C:\Users\Omkar\Documents\Visual Studio 2010\Projects\practice.gfg\string_from_substr\string_from_substr\string_from_substr.vcxproj" (build target(s)).

Build succeeded.

Time Elapsed 00:00:01.63
